<?xml version="1.0" encoding="UTF-8"?>
<testng-results skipped="0" failed="0" total="1" passed="1">
  <reporter-output>
  </reporter-output>
  <suite name="Surefire suite" duration-ms="17593" started-at="2019-09-11T12:37:12Z" finished-at="2019-09-11T12:37:30Z">
    <groups>
    </groups>
    <test name="Surefire test" duration-ms="17593" started-at="2019-09-11T12:37:12Z" finished-at="2019-09-11T12:37:30Z">
      <class name="room.CreateThousandBooking">
        <test-method status="PASS" signature="createThousand()[pri:0, instance:room.CreateThousandBooking@6d8a00e3]" name="createThousand" duration-ms="17581" started-at="2019-09-11T14:37:12Z" finished-at="2019-09-11T14:37:30Z">
          <reporter-output>
          </reporter-output>
        </test-method> <!-- createThousand -->
      </class> <!-- room.CreateThousandBooking -->
    </test> <!-- Surefire test -->
  </suite> <!-- Surefire suite -->
</testng-results>
